2025-05-07 00:32:43,176 - INFO - ==================================================
2025-05-07 00:32:43,176 - INFO - INICIANDO COLETA DE LICENÇAS AMBIENTAIS - ECOSISTEMAS
2025-05-07 00:32:43,176 - INFO - ==================================================
2025-05-07 00:32:43,177 - INFO - Parâmetros de execução:
2025-05-07 00:32:43,177 - INFO - - Máximo de páginas: 150
2025-05-07 00:32:43,179 - INFO - - Prefixo de saída: licencas_ecosistemas
2025-05-07 00:32:43,179 - INFO - - Modo manual: True
2025-05-07 00:32:43,180 - INFO - - Modo verbose: False
2025-05-07 00:32:43,190 - INFO - ==================================================
2025-05-07 00:32:45,845 - INFO - Abrindo o navegador para interação manual com a página
2025-05-07 00:33:19,679 - INFO - Iniciando coleta automática com o coletor otimizado
2025-05-07 00:33:19,680 - INFO - Executando com interface gráfica
2025-05-07 00:33:22,420 - INFO - Driver Selenium configurado com sucesso
2025-05-07 00:33:24,524 - INFO - Processando página 1
2025-05-07 00:33:24,525 - INFO - Extraindo dados da tabela de resultados
2025-05-07 00:33:24,551 - INFO - Tabela encontrada usando seletor: //table
2025-05-07 00:33:24,699 - INFO - Cabeçalhos encontrados: ['Processo', 'Pessoa Física/Jurídica', 'Empreendimento', 'Modalidade', 'CPF/CNPJ', 'Atividade Principal', 'Município da Solicitação', 'Ações']
2025-05-07 00:33:24,718 - INFO - Encontradas 9 linhas usando seletor: //table//tr[position()>1]
2025-05-07 00:33:25,002 - INFO - Dados extraídos da linha 1: ['processo', 'pessoa_física/jurídica', 'empreendimento', 'modalidade', 'cpf/cnpj', 'atividade_principal', 'município_da_solicitação', 'ações', 'tipo_de_estudo']
2025-05-07 00:33:25,281 - INFO - Dados extraídos da linha 2: ['processo', 'pessoa_física/jurídica', 'empreendimento', 'modalidade', 'cpf/cnpj', 'atividade_principal', 'município_da_solicitação', 'ações', 'tipo_de_estudo']
2025-05-07 00:33:25,533 - INFO - Dados extraídos da linha 3: ['processo', 'pessoa_física/jurídica', 'empreendimento', 'modalidade', 'cpf/cnpj', 'atividade_principal', 'município_da_solicitação', 'ações', 'tipo_de_estudo']
2025-05-07 00:33:25,781 - INFO - Dados extraídos da linha 4: ['processo', 'pessoa_física/jurídica', 'empreendimento', 'modalidade', 'cpf/cnpj', 'atividade_principal', 'município_da_solicitação', 'ações', 'tipo_de_estudo']
2025-05-07 00:33:25,926 - INFO - Dados extraídos da linha 5: ['processo', 'pessoa_física/jurídica', 'empreendimento', 'modalidade', 'cpf/cnpj', 'atividade_principal', 'município_da_solicitação', 'ações', 'tipo_de_estudo']
2025-05-07 00:33:26,056 - INFO - Dados extraídos da linha 6: ['processo', 'pessoa_física/jurídica', 'empreendimento', 'modalidade', 'cpf/cnpj', 'atividade_principal', 'município_da_solicitação', 'ações', 'tipo_de_estudo']
2025-05-07 00:33:26,164 - INFO - Dados extraídos da linha 7: ['processo', 'pessoa_física/jurídica', 'empreendimento', 'modalidade', 'cpf/cnpj', 'atividade_principal', 'município_da_solicitação', 'ações', 'tipo_de_estudo']
2025-05-07 00:33:26,269 - INFO - Dados extraídos da linha 8: ['processo', 'pessoa_física/jurídica', 'empreendimento', 'modalidade', 'cpf/cnpj', 'atividade_principal', 'município_da_solicitação', 'ações', 'tipo_de_estudo']
2025-05-07 00:33:26,437 - INFO - Dados extraídos da linha 9: ['processo', 'pessoa_física/jurídica', 'empreendimento', 'modalidade', 'cpf/cnpj', 'atividade_principal', 'município_da_solicitação', 'ações', 'tipo_de_estudo']
2025-05-07 00:33:26,438 - INFO - Total de 9 resultados extraídos da tabela
2025-05-07 00:33:26,439 - INFO - Processando registro 1 de 9 na página 1
2025-05-07 00:33:26,445 - INFO - Salvos 1 resultados incrementais em ecosistemas_resultados_incrementais.csv
2025-05-07 00:33:27,446 - INFO - Processando registro 2 de 9 na página 1
2025-05-07 00:33:27,449 - INFO - Salvos 1 resultados incrementais em ecosistemas_resultados_incrementais.csv
2025-05-07 00:33:28,451 - INFO - Processando registro 3 de 9 na página 1
2025-05-07 00:33:28,455 - INFO - Salvos 1 resultados incrementais em ecosistemas_resultados_incrementais.csv
2025-05-07 00:33:29,457 - INFO - Processando registro 4 de 9 na página 1
2025-05-07 00:33:29,462 - INFO - Salvos 1 resultados incrementais em ecosistemas_resultados_incrementais.csv
2025-05-07 00:33:30,462 - INFO - Processando registro 5 de 9 na página 1
2025-05-07 00:33:30,467 - INFO - Salvos 1 resultados incrementais em ecosistemas_resultados_incrementais.csv
2025-05-07 00:33:31,470 - INFO - Processando registro 6 de 9 na página 1
2025-05-07 00:33:31,475 - INFO - Salvos 1 resultados incrementais em ecosistemas_resultados_incrementais.csv
2025-05-07 00:33:32,476 - INFO - Processando registro 7 de 9 na página 1
2025-05-07 00:33:32,481 - INFO - Salvos 1 resultados incrementais em ecosistemas_resultados_incrementais.csv
2025-05-07 00:33:33,483 - INFO - Processando registro 8 de 9 na página 1
2025-05-07 00:33:33,488 - INFO - Salvos 1 resultados incrementais em ecosistemas_resultados_incrementais.csv
2025-05-07 00:33:34,490 - INFO - Processando registro 9 de 9 na página 1
2025-05-07 00:33:34,495 - INFO - Salvos 1 resultados incrementais em ecosistemas_resultados_incrementais.csv
2025-05-07 00:33:35,496 - INFO - Tentando navegar para a próxima página
2025-05-07 00:33:37,635 - INFO - Screenshot da paginação salvo em paginacao_20250507_003337.png
2025-05-07 00:33:37,675 - INFO - Encontrados 0 botões de paginação
2025-05-07 00:33:37,701 - INFO - Encontrado indicador de páginas: 1 - 10 de 137 Registros
2025-05-07 00:33:37,702 - INFO - Indicador interpretado: início=1, fim=10, total=137
2025-05-07 00:33:37,703 - INFO - Página atual calculada: 1, próxima será: 2
2025-05-07 00:33:37,703 - WARNING - Não foi possível navegar para a próxima página
2025-05-07 00:33:37,703 - INFO - Chegou à última página. Finalizando coleta.
2025-05-07 00:33:37,727 - INFO - Resultados salvos em CSV: licencas_ecosistemas_20250507_0033.csv
2025-05-07 00:33:38,092 - INFO - Resultados salvos em Excel: licencas_ecosistemas_20250507_0033.xlsx
2025-05-07 00:33:38,092 - INFO - === RESUMO DOS TIPOS DE ESTUDOS ENCONTRADOS ===
2025-05-07 00:33:38,093 - INFO - - EIA/RIMA (inferido pela atividade): 9
2025-05-07 00:33:38,093 - INFO - ============================================
2025-05-07 00:33:40,349 - INFO - Driver fechado com sucesso
2025-05-07 00:33:40,350 - INFO - Coleta concluída. Total de 9 registros coletados.
