2025-04-12 17:30:43,470 - INFO - ==================================================
2025-04-12 17:30:43,470 - INFO - INICIANDO PROCESSAMENTO DE PDFs PARA CSV
2025-04-12 17:30:43,470 - INFO - ==================================================
2025-04-12 17:30:43,471 - INFO - Processando PDFs na pasta: pareceres
2025-04-12 17:30:43,471 - INFO - Encontrados 11 arquivos PDF para processar
2025-04-12 17:30:43,471 - INFO - Processando 1/11: parecer_1744487593.pdf
2025-04-12 17:30:43,478 - WARNING - Não foi possível extrair texto de parecer_1744487593.pdf
2025-04-12 17:30:43,479 - INFO - Processando 2/11: parecer_1744487605.pdf
2025-04-12 17:30:43,601 - INFO - Exigência identificada: RCA
2025-04-12 17:30:43,619 - INFO - Processando 3/11: parecer_1744487613.pdf
2025-04-12 17:30:43,628 - WARNING - Não foi possível extrair texto de parecer_1744487613.pdf
2025-04-12 17:30:43,629 - INFO - Processando 4/11: parecer_1744487628.pdf
2025-04-12 17:30:43,669 - INFO - Exigência identificada: EIA/RIMA
2025-04-12 17:30:43,674 - INFO - Processando 5/11: parecer_1744487635.pdf
2025-04-12 17:30:43,791 - INFO - Exigência identificada: EIA/RIMA
2025-04-12 17:30:43,808 - INFO - Processando 6/11: parecer_1744487647.pdf
2025-04-12 17:30:43,896 - INFO - Exigência identificada: RCA
2025-04-12 17:30:43,909 - INFO - Processando 7/11: parecer_1744488349.pdf
2025-04-12 17:30:43,915 - WARNING - Não foi possível extrair texto de parecer_1744488349.pdf
2025-04-12 17:30:43,916 - INFO - Processando 8/11: parecer_1744488357.pdf
2025-04-12 17:30:44,032 - INFO - Exigência identificada: RCA
2025-04-12 17:30:44,049 - INFO - Processando 9/11: parecer_1744488365.pdf
2025-04-12 17:30:44,058 - WARNING - Não foi possível extrair texto de parecer_1744488365.pdf
2025-04-12 17:30:44,059 - INFO - Processando 10/11: parecer_1744488380.pdf
2025-04-12 17:30:44,095 - INFO - Exigência identificada: EIA/RIMA
2025-04-12 17:30:44,108 - INFO - Salvos resultados parciais com 6 registros
2025-04-12 17:30:44,109 - INFO - Processando 11/11: parecer_1744488385.pdf
2025-04-12 17:30:44,158 - INFO - Exigência identificada: EIA/RIMA
2025-04-12 17:30:44,168 - INFO - Salvos resultados parciais com 7 registros
2025-04-12 17:30:44,169 - INFO - Processamento concluído. Total de 7 PDFs processados.
2025-04-12 17:30:44,174 - INFO - Resultados salvos em CSV: licencas_de_pdfs_20250412_173044.csv
2025-04-12 17:30:44,727 - INFO - Resultados salvos em Excel: licencas_de_pdfs_20250412_173044.xlsx
2025-04-12 17:30:44,728 - INFO - ==================================================
2025-04-12 17:30:44,728 - INFO - PROCESSAMENTO CONCLUÍDO
2025-04-12 17:30:44,728 - INFO - ==================================================
2025-04-12 18:32:05,227 - INFO - ==================================================
2025-04-12 18:32:05,228 - INFO - INICIANDO PROCESSAMENTO DE PDFs PARA CSV
2025-04-12 18:32:05,228 - INFO - ==================================================
2025-04-12 18:32:05,229 - INFO - Processando PDFs na pasta: pareceres
2025-04-12 18:32:05,229 - INFO - Encontrados 11 arquivos PDF para processar
2025-04-12 18:32:05,229 - INFO - Processando 1/11: parecer_1744487593.pdf
2025-04-12 18:32:05,273 - INFO - Texto extraído muito curto, tentando método alternativo para pareceres\parecer_1744487593.pdf
2025-04-12 18:32:05,280 - WARNING - Não foi possível extrair texto de parecer_1744487593.pdf
2025-04-12 18:32:05,280 - INFO - Processando 2/11: parecer_1744487605.pdf
2025-04-12 18:32:05,451 - INFO - Exigência identificada: RCA
2025-04-12 18:32:05,473 - INFO - Processando 3/11: parecer_1744487613.pdf
2025-04-12 18:32:05,495 - INFO - Texto extraído muito curto, tentando método alternativo para pareceres\parecer_1744487613.pdf
2025-04-12 18:32:05,503 - WARNING - Não foi possível extrair texto de parecer_1744487613.pdf
2025-04-12 18:32:05,504 - INFO - Processando 4/11: parecer_1744487628.pdf
2025-04-12 18:32:05,555 - INFO - Exigência identificada: EIA/RIMA
2025-04-12 18:32:05,562 - INFO - Processando 5/11: parecer_1744487635.pdf
2025-04-12 18:32:05,627 - INFO - Exigência identificada: RCA
2025-04-12 18:32:05,634 - INFO - Processando 6/11: parecer_1744487647.pdf
2025-04-12 18:32:05,745 - INFO - Exigência identificada: RCA
2025-04-12 18:32:05,762 - INFO - Processando 7/11: parecer_1744488349.pdf
2025-04-12 18:32:05,784 - INFO - Texto extraído muito curto, tentando método alternativo para pareceres\parecer_1744488349.pdf
2025-04-12 18:32:05,790 - WARNING - Não foi possível extrair texto de parecer_1744488349.pdf
2025-04-12 18:32:05,791 - INFO - Processando 8/11: parecer_1744488357.pdf
2025-04-12 18:32:05,944 - INFO - Exigência identificada: RCA
2025-04-12 18:32:05,966 - INFO - Processando 9/11: parecer_1744488365.pdf
2025-04-12 18:32:05,994 - INFO - Texto extraído muito curto, tentando método alternativo para pareceres\parecer_1744488365.pdf
2025-04-12 18:32:06,004 - WARNING - Não foi possível extrair texto de parecer_1744488365.pdf
2025-04-12 18:32:06,004 - INFO - Processando 10/11: parecer_1744488380.pdf
2025-04-12 18:32:06,069 - INFO - Exigência identificada: EIA/RIMA
2025-04-12 18:32:06,091 - INFO - Salvos resultados parciais com 6 registros
2025-04-12 18:32:06,092 - INFO - Processando 11/11: parecer_1744488385.pdf
2025-04-12 18:32:06,165 - INFO - Exigência identificada: RCA
2025-04-12 18:32:06,177 - INFO - Salvos resultados parciais com 7 registros
2025-04-12 18:32:06,178 - INFO - Processamento concluído. Total de 7 PDFs processados.
2025-04-12 18:32:06,187 - INFO - Resultados salvos em CSV: licencas_de_pdfs_20250412_183206.csv
2025-04-12 18:32:06,609 - INFO - Resultados salvos em Excel: licencas_de_pdfs_20250412_183206.xlsx
2025-04-12 18:32:06,610 - INFO - ==================================================
2025-04-12 18:32:06,610 - INFO - PROCESSAMENTO CONCLUÍDO
2025-04-12 18:32:06,610 - INFO - ==================================================
